<?xml version="1.0" encoding="UTF-8"?>
<!-- Generated by org.testng.reporters.JUnitReportReporter -->
<testsuite skipped="0" hostname="MBPM4236.local" name="featureTests.Tests" tests="4" failures="0" timestamp="12 Nov 2018 21:56:57 GMT" time="2.944" errors="0">
  <testcase name="verifyHomePage" time="0.066" classname="featureTests.Tests"/>
  <testcase name="searchArticle" time="1.777" classname="featureTests.Tests"/>
  <testcase name="verifyArticleSection" time="0.407" classname="featureTests.Tests"/>
  <testcase name="verifyStudioAlbumToolTip" time="0.694" classname="featureTests.Tests"/>
</testsuite> <!-- featureTests.Tests -->
